0 silly input [ 'publish' ]
1 silly flags { _: [ 'publish' ], 'reject-cycles': false, rejectCycles: false }
2 verbose rootPath /Users/denglian/work/swdenglian-demos/lerna-demo
3 info version 2.11.0
4 silly isInitialized
5 silly isInitialized true
6 silly existsSync /Users/denglian/work/swdenglian-demos/lerna-demo/VERSION
7 info versioning independent
8 silly initialize attempt
9 silly isDetachedHead
10 silly getCurrentBranch
11 verbose getCurrentBranch master
12 verbose isDetachedHead false
13 silly getCurrentBranch
14 verbose getCurrentBranch master
15 silly getUpdates
16 info Checking for updated packages...
17 silly hasTags
18 verbose hasTags true
19 silly getLastTag
20 verbose getLastTag @rcts/swdenglian-demo-p1@1.0.10
21 info Comparing with @rcts/swdenglian-demo-p1@1.0.10.
22 silly diffSinceIn @rcts/swdenglian-demo-p1@1.0.10 packages/swdenglian-demo-p1
23 silly diff packages/swdenglian-demo-p1/index.js
23 silly diff packages/swdenglian-demo-p1/yarn-error.log
24 silly diffSinceIn @rcts/swdenglian-demo-p1@1.0.10 packages/swdenglian-demo-p2
25 silly diff packages/swdenglian-demo-p2/yarn-error.log
26 verbose updated @rcts/swdenglian-demo-p1
27 verbose updated @rcts/swdenglian-demo-p2
28 info Checking for prereleased packages...
29 silly collectDependents
30 silly isPackageDependentOf @rcts/swdenglian-demo-p1 @rcts/swdenglian-demo-p1
31 silly isPackageDependentOf @rcts/swdenglian-demo-p1 @rcts/swdenglian-demo-p2
32 silly isPackageDependentOf @rcts/swdenglian-demo-p2 @rcts/swdenglian-demo-p1
33 verbose dependent @rcts/swdenglian-demo-p2 depends on @rcts/swdenglian-demo-p1
34 silly isPackageDependentOf @rcts/swdenglian-demo-p2 @rcts/swdenglian-demo-p2
35 silly isPackageDependentOf @rcts/swdenglian-demo-p1 @rcts/swdenglian-demo-p2
36 silly collectUpdates
37 verbose has filtered update @rcts/swdenglian-demo-p1
38 verbose has filtered update @rcts/swdenglian-demo-p2
39 silly initialize success
40 silly execute attempt
41 silly runScriptSync preversion undefined
42 silly runScriptSync preversion @rcts/swdenglian-demo-p1
43 silly runScriptSync version @rcts/swdenglian-demo-p1
44 silly runScriptSync preversion @rcts/swdenglian-demo-p2
45 silly runScriptSync version @rcts/swdenglian-demo-p2
46 silly runScriptSync version undefined
47 silly addFile /Users/denglian/work/swdenglian-demos/lerna-demo/packages/swdenglian-demo-p1/package.json
48 silly addFile /Users/denglian/work/swdenglian-demos/lerna-demo/packages/swdenglian-demo-p2/package.json
49 silly commit Publish
49 silly commit
49 silly commit  - @rcts/swdenglian-demo-p1@1.0.11
49 silly commit  - @rcts/swdenglian-demo-p2@1.0.11
50 verbose commit [ 'commit',
50 verbose commit   '--no-verify',
50 verbose commit   '-F',
50 verbose commit   '/private/var/folders/2w/425n4q415tn2dxwlx23dr13h0000gn/T/ef8deffe-8836-4bec-bb63-5444c096d461/lerna-commit.txt' ]
51 silly addTag @rcts/swdenglian-demo-p1@1.0.11
52 silly addTag @rcts/swdenglian-demo-p2@1.0.11
53 silly runScriptSync postversion @rcts/swdenglian-demo-p1
54 silly runScriptSync postversion @rcts/swdenglian-demo-p2
55 silly runScriptSync postversion undefined
56 info publish Publishing packages to npm...
57 silly existsSync /Users/denglian/work/swdenglian-demos/lerna-demo/packages/swdenglian-demo-p1/scripts/prepublish.js
58 verbose execScript No prepublish script found at /Users/denglian/work/swdenglian-demos/lerna-demo/packages/swdenglian-demo-p1/scripts/prepublish.js
59 silly existsSync /Users/denglian/work/swdenglian-demos/lerna-demo/packages/swdenglian-demo-p2/scripts/prepublish.js
60 verbose execScript No prepublish script found at /Users/denglian/work/swdenglian-demos/lerna-demo/packages/swdenglian-demo-p2/scripts/prepublish.js
61 verbose publishing @rcts/swdenglian-demo-p1
62 silly publishTaggedInDir latest swdenglian-demo-p1
63 silly getExecOpts { cwd:
63 silly getExecOpts    '/Users/denglian/work/swdenglian-demos/lerna-demo/packages/swdenglian-demo-p1' }
64 error publish Retrying failed publish: @rcts/swdenglian-demo-p1
65 verbose publish error undefined
66 verbose publishing @rcts/swdenglian-demo-p1
67 silly publishTaggedInDir latest swdenglian-demo-p1
68 silly getExecOpts { cwd:
68 silly getExecOpts    '/Users/denglian/work/swdenglian-demos/lerna-demo/packages/swdenglian-demo-p1' }
69 error publish Retrying failed publish: @rcts/swdenglian-demo-p1
70 verbose publish error undefined
71 verbose publishing @rcts/swdenglian-demo-p1
72 silly publishTaggedInDir latest swdenglian-demo-p1
73 silly getExecOpts { cwd:
73 silly getExecOpts    '/Users/denglian/work/swdenglian-demos/lerna-demo/packages/swdenglian-demo-p1' }
74 error publish Retrying failed publish: @rcts/swdenglian-demo-p1
75 verbose publish error undefined
76 verbose publishing @rcts/swdenglian-demo-p1
77 silly publishTaggedInDir latest swdenglian-demo-p1
78 silly getExecOpts { cwd:
78 silly getExecOpts    '/Users/denglian/work/swdenglian-demos/lerna-demo/packages/swdenglian-demo-p1' }
79 error publish Retrying failed publish: @rcts/swdenglian-demo-p1
80 verbose publish error undefined
81 verbose publishing @rcts/swdenglian-demo-p1
82 silly publishTaggedInDir latest swdenglian-demo-p1
83 silly getExecOpts { cwd:
83 silly getExecOpts    '/Users/denglian/work/swdenglian-demos/lerna-demo/packages/swdenglian-demo-p1' }
84 error publish Ran out of retries while publishing @rcts/swdenglian-demo-p1 Error: Command failed: npm publish --tag latest
84 error publish npm notice
84 error publish npm notice 📦  @rcts/swdenglian-demo-p1@1.0.11
84 error publish npm notice === Tarball Contents ===
84 error publish npm notice 241B package.json
84 error publish npm notice 401B CHANGELOG.md
84 error publish npm notice 30B  index.js
84 error publish npm notice === Tarball Details ===
84 error publish npm notice name:          @rcts/swdenglian-demo-p1
84 error publish npm notice version:       1.0.11
84 error publish npm notice package size:  557 B
84 error publish npm notice unpacked size: 672 B
84 error publish npm notice shasum:        a4c79e5f356137b389fb605e6029e06dc3f798a0
84 error publish npm notice integrity:     sha512-zsfVgEg908q0z[...]wP/r3cfWH4c2A==
84 error publish npm notice total files:   3
84 error publish npm notice
84 error publish npm ERR! code E402
84 error publish npm ERR! 402 Payment Required - PUT https://registry.npmjs.org/@rcts%2fswdenglian-demo-p1 - You must sign up for private packages
84 error publish
84 error publish npm ERR! A complete log of this run can be found in:
84 error publish npm ERR!     /Users/denglian/.npm/_logs/2019-05-04T09_13_54_961Z-debug.log
84 error publish
84 error publish     at Promise.all.then.arr (/usr/local/lib/node_modules/lerna/node_modules/execa/index.js:236:11)
84 error publish     at process.internalTickCallback (internal/process/next_tick.js:77:7)
85 error execute callback with error
86 error Error: Command failed: npm publish --tag latest
86 error npm notice
86 error npm notice 📦  @rcts/swdenglian-demo-p1@1.0.11
86 error npm notice === Tarball Contents ===
86 error npm notice 241B package.json
86 error npm notice 401B CHANGELOG.md
86 error npm notice 30B  index.js
86 error npm notice === Tarball Details ===
86 error npm notice name:          @rcts/swdenglian-demo-p1
86 error npm notice version:       1.0.11
86 error npm notice package size:  557 B
86 error npm notice unpacked size: 672 B
86 error npm notice shasum:        a4c79e5f356137b389fb605e6029e06dc3f798a0
86 error npm notice integrity:     sha512-zsfVgEg908q0z[...]wP/r3cfWH4c2A==
86 error npm notice total files:   3
86 error npm notice
86 error npm ERR! code E402
86 error npm ERR! 402 Payment Required - PUT https://registry.npmjs.org/@rcts%2fswdenglian-demo-p1 - You must sign up for private packages
86 error
86 error npm ERR! A complete log of this run can be found in:
86 error npm ERR!     /Users/denglian/.npm/_logs/2019-05-04T09_13_54_961Z-debug.log
86 error
86 error     at Promise.all.then.arr (/usr/local/lib/node_modules/lerna/node_modules/execa/index.js:236:11)
