Arguments: 
  /usr/local/bin/node /usr/local/bin/yarn run run

PATH: 
  /Users/denglian/work/swdenglian-demos/lerna-demo/packages/swdenglian-demo-p2/node_modules/.bin:/Users/denglian/work/swdenglian-demos/lerna-demo/packages/node_modules/.bin:/Users/denglian/work/swdenglian-demos/lerna-demo/node_modules/.bin:/Users/denglian/work/swdenglian-demos/node_modules/.bin:/Users/denglian/work/node_modules/.bin:/Users/denglian/node_modules/.bin:/Users/node_modules/.bin:/node_modules/.bin:/usr/local/bin:/usr/local/bin:/usr/bin:/bin:/usr/sbin:/sbin

Yarn version: 
  1.5.1

Node version: 
  11.0.0

Platform: 
  darwin x64

npm manifest: 
  {
    "name": "@rcts/swdenglian-demo-p2",
    "version": "1.0.0",
    "description": "",
    "main": "index.js",
    "scripts": {
      "run": "node index.js"
    },
    "author": "",
    "license": "ISC",
    "dependencies": {
      "@rcts/swdenglian-demo-p1": "^1.0.1"
    }
  }

yarn manifest: 
  No manifest

Lockfile: 
  No lockfile

Trace: 
  Error: Command failed.
  Exit code: 1
  Command: sh
  Arguments: -c node index.js
  Directory: /Users/denglian/work/swdenglian-demos/lerna-demo/packages/swdenglian-demo-p2
  Output:
  
      at ProcessTermError.MessageError (/usr/local/lib/node_modules/yarn/lib/cli.js:186:110)
      at new ProcessTermError (/usr/local/lib/node_modules/yarn/lib/cli.js:226:113)
      at ChildProcess.<anonymous> (/usr/local/lib/node_modules/yarn/lib/cli.js:30281:17)
      at ChildProcess.emit (events.js:182:13)
      at maybeClose (internal/child_process.js:962:16)
      at Process.ChildProcess._handle.onexit (internal/child_process.js:251:5)
